<?xml version="1.0" encoding="UTF-8"?>
<!-- Generated by org.testng.reporters.JUnitReportReporter -->
<testsuite skipped="0" hostname="29d24a4e71aa" name="com.newtours.tests.BookFlightTest" tests="9" failures="0" timestamp="19 Mar 2021 02:20:39 GMT" time="17.406" errors="0">
  <testcase name="flightDetailsTest" time="1.082" classname="com.newtours.tests.BookFlightTest"/>
  <testcase name="flightDetailsTest" time="1.017" classname="com.newtours.tests.BookFlightTest"/>
  <testcase name="registrationConfirmationTest" time="0.594" classname="com.newtours.tests.BookFlightTest"/>
  <testcase name="registrationPageTest" time="4.082" classname="com.newtours.tests.BookFlightTest"/>
  <testcase name="registrationConfirmationTest" time="0.713" classname="com.newtours.tests.BookFlightTest"/>
  <testcase name="registrationPageTest" time="4.109" classname="com.newtours.tests.BookFlightTest"/>
  <testcase name="registrationPageTest" time="4.029" classname="com.newtours.tests.BookFlightTest"/>
  <testcase name="registrationConfirmationTest" time="0.703" classname="com.newtours.tests.BookFlightTest"/>
  <testcase name="flightDetailsTest" time="1.077" classname="com.newtours.tests.BookFlightTest"/>
</testsuite> <!-- com.newtours.tests.BookFlightTest -->
