<?xml version="1.0" encoding="UTF-8"?>
<!-- Generated by org.testng.reporters.JUnitReportReporter -->
<testsuite skipped="0" hostname="21e34ca82915" name="com.searchmodule.tests.SearchTest" tests="1" failures="0" timestamp="19 Mar 2021 16:23:54 GMT" time="4.649" errors="0">
  <testcase name="search" time="4.649" classname="com.searchmodule.tests.SearchTest"/>
</testsuite> <!-- com.searchmodule.tests.SearchTest -->
